4.3715 	DATA 	*** EVENT:start_task CODE:10 ***	
4.4044 	DATA 	*** EVENT:start_instructions CODE:30 ***	
4.4044 	DATA 	Showing instruction screen 1	
17.1546 	DATA 	Keypress: space
17.1548 	DATA 	Showing instruction screen 2	
25.8873 	DATA 	Keypress: space
25.8874 	DATA 	Showing instruction screen 3	
38.0974 	DATA 	Keypress: space
38.0974 	DATA 	*** EVENT:end_instructions CODE:31 ***	
38.1022 	DATA 	*** MESSAGE:Fixation 5.0 secs EVENT:start_fixation CODE:20 ***	
43.1140 	DATA 	*** EVENT:end_fixation CODE:21 ***	
44.3496 	DATA 	VIDEO START a2d05h.mp4 dur 15.55	
44.3496 	DATA 	*** MESSAGE:Showing a2d05h.mp4 dur 15.55 EVENT:start_video CODE:60 ***	
59.9028 	DATA 	*** EVENT:end_video CODE:61 ***	
59.9035 	DATA 	VIDEO END a2d05h.mp4	
59.9264 	DATA 	*** EVENT:get_rating CODE:70 ***	
68.3766 	DATA 	Keypress: space
72.1650 	DATA 	Mouse: Left button down, pos=(502,237)
72.2456 	DATA 	Mouse:  Left button up, pos=(502,237)
75.3380 	DATA 	Mouse: Left button down, pos=(502,237)
75.4617 	DATA 	Mouse:  Left button up, pos=(502,237)
77.7263 	DATA 	Keypress: return
85.9659 	DATA 	Mouse: Left button down, pos=(698,4)
86.0258 	DATA 	Mouse:  Left button up, pos=(686,18)
86.7653 	DATA 	Keypress: 3
86.7655 	DATA 	RATING 3	
86.7655 	DATA 	*** MESSAGE:Key press 3 EVENT:rating_resp3 CODE:73 ***	
87.2683 	DATA 	*** MESSAGE:Fixation 5.0 secs EVENT:start_fixation CODE:20 ***	
92.2755 	DATA 	*** EVENT:end_fixation CODE:21 ***	
93.5400 	DATA 	VIDEO START a1d01n.mp4 dur 11.18	
93.5400 	DATA 	*** MESSAGE:Showing a1d01n.mp4 dur 11.18 EVENT:start_video CODE:60 ***	
104.7296 	DATA 	*** EVENT:end_video CODE:61 ***	
104.7301 	DATA 	VIDEO END a1d01n.mp4	
104.7457 	DATA 	*** EVENT:get_rating CODE:70 ***	
112.9455 	DATA 	Keypress: 4
112.9456 	DATA 	RATING 4	
112.9456 	DATA 	*** MESSAGE:Key press 4 EVENT:rating_resp4 CODE:74 ***	
113.4488 	DATA 	*** MESSAGE:Fixation 5.0 secs EVENT:start_fixation CODE:20 ***	
118.4661 	DATA 	*** EVENT:end_fixation CODE:21 ***	
119.8382 	DATA 	VIDEO START a1d11n.mp4 dur 12.33	
119.8383 	DATA 	*** MESSAGE:Showing a1d11n.mp4 dur 12.33 EVENT:start_video CODE:60 ***	
132.1707 	DATA 	*** EVENT:end_video CODE:61 ***	
132.1712 	DATA 	VIDEO END a1d11n.mp4	
132.1856 	DATA 	*** EVENT:get_rating CODE:70 ***	
139.3944 	DATA 	Keypress: 2
139.3945 	DATA 	RATING 2	
139.3945 	DATA 	*** MESSAGE:Key press 2 EVENT:rating_resp2 CODE:72 ***	
139.8977 	DATA 	*** MESSAGE:Fixation 5.0 secs EVENT:start_fixation CODE:20 ***	
144.9043 	DATA 	*** EVENT:end_fixation CODE:21 ***	
146.1739 	DATA 	VIDEO START a2d06h.mp4 dur 10.67	
146.1739 	DATA 	*** MESSAGE:Showing a2d06h.mp4 dur 10.67 EVENT:start_video CODE:60 ***	
156.8518 	DATA 	*** EVENT:end_video CODE:61 ***	
156.8525 	DATA 	VIDEO END a2d06h.mp4	
156.8755 	DATA 	*** EVENT:get_rating CODE:70 ***	
161.1448 	DATA 	Keypress: 4
161.1449 	DATA 	RATING 4	
161.1449 	DATA 	*** MESSAGE:Key press 4 EVENT:rating_resp4 CODE:74 ***	
161.6479 	DATA 	*** MESSAGE:Fixation 5.0 secs EVENT:start_fixation CODE:20 ***	
166.6604 	DATA 	*** EVENT:end_fixation CODE:21 ***	
167.9792 	DATA 	VIDEO START a2d18h.mp4 dur 13.12	
167.9793 	DATA 	*** MESSAGE:Showing a2d18h.mp4 dur 13.12 EVENT:start_video CODE:60 ***	
181.1061 	DATA 	*** EVENT:end_video CODE:61 ***	
181.1068 	DATA 	VIDEO END a2d18h.mp4	
181.1306 	DATA 	*** EVENT:get_rating CODE:70 ***	
183.9637 	DATA 	Keypress: 2
183.9638 	DATA 	RATING 2	
183.9638 	DATA 	*** MESSAGE:Key press 2 EVENT:rating_resp2 CODE:72 ***	
184.4671 	DATA 	*** MESSAGE:Fixation 5.0 secs EVENT:start_fixation CODE:20 ***	
189.4822 	DATA 	*** EVENT:end_fixation CODE:21 ***	
190.7046 	DATA 	VIDEO START a1d15n.mp4 dur 8.7	
190.7046 	DATA 	*** MESSAGE:Showing a1d15n.mp4 dur 8.7 EVENT:start_video CODE:60 ***	
199.4122 	DATA 	*** EVENT:end_video CODE:61 ***	
199.4127 	DATA 	VIDEO END a1d15n.mp4	
199.4335 	DATA 	*** EVENT:get_rating CODE:70 ***	
205.0425 	DATA 	Keypress: 2
205.0426 	DATA 	RATING 2	
205.0426 	DATA 	*** MESSAGE:Key press 2 EVENT:rating_resp2 CODE:72 ***	
205.5463 	DATA 	*** MESSAGE:Fixation 5.0 secs EVENT:start_fixation CODE:20 ***	
210.5555 	DATA 	*** EVENT:end_fixation CODE:21 ***	
211.8585 	DATA 	VIDEO START a1d12n.mp4 dur 13.33	
211.8585 	DATA 	*** MESSAGE:Showing a1d12n.mp4 dur 13.33 EVENT:start_video CODE:60 ***	
225.1947 	DATA 	*** EVENT:end_video CODE:61 ***	
225.1953 	DATA 	VIDEO END a1d12n.mp4	
225.2233 	DATA 	*** EVENT:get_rating CODE:70 ***	
227.8923 	DATA 	Keypress: 5
227.8923 	DATA 	RATING 5	
227.8923 	DATA 	*** MESSAGE:Key press 5 EVENT:rating_resp5 CODE:75 ***	
228.3961 	DATA 	*** MESSAGE:Fixation 5.0 secs EVENT:start_fixation CODE:20 ***	
233.4113 	DATA 	*** EVENT:end_fixation CODE:21 ***	
234.6650 	DATA 	VIDEO START a2d21h.mp4 dur 14.59	
234.6650 	DATA 	*** MESSAGE:Showing a2d21h.mp4 dur 14.59 EVENT:start_video CODE:60 ***	
249.2581 	DATA 	*** EVENT:end_video CODE:61 ***	
249.2589 	DATA 	VIDEO END a2d21h.mp4	
249.2806 	DATA 	*** EVENT:get_rating CODE:70 ***	
250.9012 	DATA 	Keypress: 1
250.9012 	DATA 	RATING 1	
250.9012 	DATA 	*** MESSAGE:Key press 1 EVENT:rating_resp1 CODE:71 ***	
251.4042 	DATA 	*** MESSAGE:Fixation 5.0 secs EVENT:start_fixation CODE:20 ***	
256.4162 	DATA 	*** EVENT:end_fixation CODE:21 ***	
257.6271 	DATA 	VIDEO START a2d09h.mp4 dur 10.37	
257.6271 	DATA 	*** MESSAGE:Showing a2d09h.mp4 dur 10.37 EVENT:start_video CODE:60 ***	
268.0018 	DATA 	*** EVENT:end_video CODE:61 ***	
268.0020 	DATA 	VIDEO END a2d09h.mp4	
268.0188 	DATA 	*** EVENT:get_rating CODE:70 ***	
272.9313 	DATA 	Keypress: 1
272.9314 	DATA 	RATING 1	
272.9314 	DATA 	*** MESSAGE:Key press 1 EVENT:rating_resp1 CODE:71 ***	
273.4350 	DATA 	*** MESSAGE:Fixation 5.0 secs EVENT:start_fixation CODE:20 ***	
278.4389 	DATA 	*** EVENT:end_fixation CODE:21 ***	
279.6965 	DATA 	VIDEO START a1d07n.mp4 dur 11.63	
279.6965 	DATA 	*** MESSAGE:Showing a1d07n.mp4 dur 11.63 EVENT:start_video CODE:60 ***	
291.3426 	DATA 	*** EVENT:end_video CODE:61 ***	
291.3432 	DATA 	VIDEO END a1d07n.mp4	
291.3584 	DATA 	*** EVENT:get_rating CODE:70 ***	
295.2903 	DATA 	Keypress: 5
295.2904 	DATA 	RATING 5	
295.2904 	DATA 	*** MESSAGE:Key press 5 EVENT:rating_resp5 CODE:75 ***	
295.7934 	DATA 	*** MESSAGE:Fixation 5.0 secs EVENT:start_fixation CODE:20 ***	
300.7945 	DATA 	*** EVENT:end_fixation CODE:21 ***	
302.0772 	DATA 	VIDEO START a1d10n.mp4 dur 13.95	
302.0772 	DATA 	*** MESSAGE:Showing a1d10n.mp4 dur 13.95 EVENT:start_video CODE:60 ***	
316.0396 	DATA 	*** EVENT:end_video CODE:61 ***	
316.0402 	DATA 	VIDEO END a1d10n.mp4	
316.0620 	DATA 	*** EVENT:get_rating CODE:70 ***	
320.0395 	DATA 	Keypress: 5
320.0396 	DATA 	RATING 5	
320.0396 	DATA 	*** MESSAGE:Key press 5 EVENT:rating_resp5 CODE:75 ***	
320.5431 	DATA 	*** MESSAGE:Fixation 5.0 secs EVENT:start_fixation CODE:20 ***	
325.5509 	DATA 	*** EVENT:end_fixation CODE:21 ***	
326.8584 	DATA 	VIDEO START a1d08n.mp4 dur 14.42	
326.8585 	DATA 	*** MESSAGE:Showing a1d08n.mp4 dur 14.42 EVENT:start_video CODE:60 ***	
341.2879 	DATA 	*** EVENT:end_video CODE:61 ***	
341.2880 	DATA 	VIDEO END a1d08n.mp4	
341.3037 	DATA 	*** EVENT:get_rating CODE:70 ***	
345.6094 	DATA 	Keypress: 6
347.6993 	DATA 	Keypress: 5
347.6994 	DATA 	RATING 5	
347.6994 	DATA 	*** MESSAGE:Key press 5 EVENT:rating_resp5 CODE:75 ***	
348.2024 	DATA 	*** MESSAGE:Fixation 5.0 secs EVENT:start_fixation CODE:20 ***	
353.2058 	DATA 	*** EVENT:end_fixation CODE:21 ***	
354.5341 	DATA 	VIDEO START a2d16h.mp4 dur 13.8	
354.5341 	DATA 	*** MESSAGE:Showing a2d16h.mp4 dur 13.8 EVENT:start_video CODE:60 ***	
368.3443 	DATA 	*** EVENT:end_video CODE:61 ***	
368.3445 	DATA 	VIDEO END a2d16h.mp4	
368.3611 	DATA 	*** EVENT:get_rating CODE:70 ***	
370.4685 	DATA 	Keypress: 1
370.4686 	DATA 	RATING 1	
370.4686 	DATA 	*** MESSAGE:Key press 1 EVENT:rating_resp1 CODE:71 ***	
370.9718 	DATA 	*** MESSAGE:Fixation 5.0 secs EVENT:start_fixation CODE:20 ***	
375.9793 	DATA 	*** EVENT:end_fixation CODE:21 ***	
377.2102 	DATA 	VIDEO START a2d13h.mp4 dur 7.08	
377.2102 	DATA 	*** MESSAGE:Showing a2d13h.mp4 dur 7.08 EVENT:start_video CODE:60 ***	
384.2979 	DATA 	*** EVENT:end_video CODE:61 ***	
384.2981 	DATA 	VIDEO END a2d13h.mp4	
384.3147 	DATA 	*** EVENT:get_rating CODE:70 ***	
388.7986 	DATA 	Keypress: 3
388.7987 	DATA 	RATING 3	
388.7987 	DATA 	*** MESSAGE:Key press 3 EVENT:rating_resp3 CODE:73 ***	
389.3020 	DATA 	*** MESSAGE:Fixation 5.0 secs EVENT:start_fixation CODE:20 ***	
394.3172 	DATA 	*** EVENT:end_fixation CODE:21 ***	
395.5877 	DATA 	VIDEO START a2d04h.mp4 dur 14.12	
395.5877 	DATA 	*** MESSAGE:Showing a2d04h.mp4 dur 14.12 EVENT:start_video CODE:60 ***	
409.7210 	DATA 	*** EVENT:end_video CODE:61 ***	
409.7212 	DATA 	VIDEO END a2d04h.mp4	
409.7378 	DATA 	*** EVENT:get_rating CODE:70 ***	
411.7077 	DATA 	Keypress: 2
411.7078 	DATA 	RATING 2	
411.7078 	DATA 	*** MESSAGE:Key press 2 EVENT:rating_resp2 CODE:72 ***	
412.2112 	DATA 	*** MESSAGE:Fixation 5.0 secs EVENT:start_fixation CODE:20 ***	
417.2228 	DATA 	*** EVENT:end_fixation CODE:21 ***	
418.4430 	DATA 	VIDEO START a1d03n.mp4 dur 10.45	
418.4431 	DATA 	*** MESSAGE:Showing a1d03n.mp4 dur 10.45 EVENT:start_video CODE:60 ***	
428.9004 	DATA 	*** EVENT:end_video CODE:61 ***	
428.9011 	DATA 	VIDEO END a1d03n.mp4	
428.9238 	DATA 	*** EVENT:get_rating CODE:70 ***	
433.2779 	DATA 	Keypress: 2
433.2780 	DATA 	RATING 2	
433.2780 	DATA 	*** MESSAGE:Key press 2 EVENT:rating_resp2 CODE:72 ***	
433.7814 	DATA 	*** MESSAGE:Fixation 10.0 secs EVENT:start_fixation CODE:20 ***	
443.7970 	DATA 	*** EVENT:end_fixation CODE:21 ***	
443.7974 	DATA 	*** EVENT:end_task CODE:11 ***	
